<?xml version="1.0" encoding="UTF-8"?>
<testng-results skipped="0" failed="0" ignored="0" total="1" passed="1">
  <reporter-output>
  </reporter-output>
  <suite name="ZestMoneyAutomation" duration-ms="54243" started-at="2020-05-27T11:03:52Z" finished-at="2020-05-27T11:04:46Z">
    <groups>
    </groups>
    <test name="FacebookPostStatus" duration-ms="54243" started-at="2020-05-27T11:03:52Z" finished-at="2020-05-27T11:04:46Z">
      <class name="com.zm.test.FacebookPostTest">
        <test-method status="PASS" signature="setup()[pri:0, instance:com.zm.test.FacebookPostTest@6f3b5d16]" name="setup" is-config="true" duration-ms="2927" started-at="2020-05-27T16:33:52Z" finished-at="2020-05-27T16:33:55Z">
          <reporter-output>
          </reporter-output>
        </test-method> <!-- setup -->
        <test-method status="PASS" signature="FacebookPost(java.lang.String, java.lang.String)[pri:0, instance:com.zm.test.FacebookPostTest@6f3b5d16]" name="FacebookPost" duration-ms="51106" started-at="2020-05-27T16:33:55Z" finished-at="2020-05-27T16:34:46Z">
          <params>
            <param index="0">
              <value>
                <![CDATA[arushisingh41@gmail.com]]>
              </value>
            </param>
            <param index="1">
              <value>
                <![CDATA[harekrishna]]>
              </value>
            </param>
          </params>
          <reporter-output>
          </reporter-output>
        </test-method> <!-- FacebookPost -->
        <test-method status="PASS" signature="teardown()[pri:0, instance:com.zm.test.FacebookPostTest@6f3b5d16]" name="teardown" is-config="true" duration-ms="170" started-at="2020-05-27T16:34:46Z" finished-at="2020-05-27T16:34:46Z">
          <reporter-output>
          </reporter-output>
        </test-method> <!-- teardown -->
      </class> <!-- com.zm.test.FacebookPostTest -->
    </test> <!-- FacebookPostStatus -->
  </suite> <!-- ZestMoneyAutomation -->
</testng-results>
